  ConsoleApplication3.cpp
f:\users\aleksei\documents\github\image-processing\lr1\consoleapplication3\consoleapplication3\consoleapplication3.cpp(34): warning C4244: инициализация: преобразование "double" в "int", возможна потеря данных
f:\users\aleksei\documents\github\image-processing\lr1\consoleapplication3\consoleapplication3\consoleapplication3.cpp(47): warning C4244: аргумент: преобразование "float" в "int", возможна потеря данных
f:\users\aleksei\documents\github\image-processing\lr1\consoleapplication3\consoleapplication3\consoleapplication3.cpp(48): warning C4244: аргумент: преобразование "double" в "int", возможна потеря данных
f:\users\aleksei\documents\github\image-processing\lr1\consoleapplication3\consoleapplication3\consoleapplication3.cpp(58): warning C4244: аргумент: преобразование "float" в "int", возможна потеря данных
f:\users\aleksei\documents\github\image-processing\lr1\consoleapplication3\consoleapplication3\consoleapplication3.cpp(60): warning C4244: аргумент: преобразование "float" в "int", возможна потеря данных
f:\users\aleksei\documents\github\image-processing\lr1\consoleapplication3\consoleapplication3\consoleapplication3.cpp(61): warning C4244: аргумент: преобразование "float" в "int", возможна потеря данных
f:\users\aleksei\documents\github\image-processing\lr1\consoleapplication3\consoleapplication3\consoleapplication3.cpp(66): warning C4244: аргумент: преобразование "float" в "int", возможна потеря данных
f:\users\aleksei\documents\github\image-processing\lr1\consoleapplication3\consoleapplication3\consoleapplication3.cpp(67): warning C4244: аргумент: преобразование "float" в "int", возможна потеря данных
f:\users\aleksei\documents\github\image-processing\lr1\consoleapplication3\consoleapplication3\consoleapplication3.cpp(75): warning C4244: аргумент: преобразование "float" в "int", возможна потеря данных
f:\users\aleksei\documents\github\image-processing\lr1\consoleapplication3\consoleapplication3\consoleapplication3.cpp(76): warning C4244: аргумент: преобразование "double" в "int", возможна потеря данных
f:\users\aleksei\documents\github\image-processing\lr1\consoleapplication3\consoleapplication3\consoleapplication3.cpp(82): warning C4244: =: преобразование "double" в "unsigned char", возможна потеря данных
f:\users\aleksei\documents\github\image-processing\lr1\consoleapplication3\consoleapplication3\consoleapplication3.cpp(93): warning C4244: аргумент: преобразование "float" в "int", возможна потеря данных
f:\users\aleksei\documents\github\image-processing\lr1\consoleapplication3\consoleapplication3\consoleapplication3.cpp(94): warning C4244: аргумент: преобразование "double" в "int", возможна потеря данных
f:\users\aleksei\documents\github\image-processing\lr1\consoleapplication3\consoleapplication3\consoleapplication3.cpp(108): warning C4244: аргумент: преобразование "double" в "const unsigned __int64", возможна потеря данных
f:\users\aleksei\documents\github\image-processing\lr1\consoleapplication3\consoleapplication3\consoleapplication3.cpp(108): warning C4244: =: преобразование "float" в "unsigned char", возможна потеря данных
f:\users\aleksei\documents\github\image-processing\lr1\consoleapplication3\consoleapplication3\consoleapplication3.cpp(119): warning C4244: аргумент: преобразование "float" в "int", возможна потеря данных
f:\users\aleksei\documents\github\image-processing\lr1\consoleapplication3\consoleapplication3\consoleapplication3.cpp(120): warning C4244: аргумент: преобразование "double" в "int", возможна потеря данных
  ConsoleApplication3.vcxproj -> F:\Users\Aleksei\Documents\GitHub\Image-processing\LR1\ConsoleApplication3\x64\Debug\ConsoleApplication3.exe
  ConsoleApplication3.vcxproj -> F:\Users\Aleksei\Documents\GitHub\Image-processing\LR1\ConsoleApplication3\x64\Debug\ConsoleApplication3.pdb (Partial PDB)
