e:\magistracy\1 semester\image-processing\lr3\lr3\x64\debug\lr3.pch
e:\magistracy\1 semester\image-processing\lr3\lr3\x64\debug\vc141.pdb
e:\magistracy\1 semester\image-processing\lr3\lr3\x64\debug\vc141.idb
e:\magistracy\1 semester\image-processing\lr3\lr3\x64\debug\stdafx.obj
e:\magistracy\1 semester\image-processing\lr3\lr3\x64\debug\lr3.obj
e:\magistracy\1 semester\image-processing\lr3\lr3\x64\debug\laboratory_work.obj
e:\magistracy\1 semester\image-processing\lr3\lr3\x64\debug\lr3.pdb
e:\magistracy\1 semester\image-processing\lr3\lr3\x64\debug\lr3.tlog\cl.command.1.tlog
e:\magistracy\1 semester\image-processing\lr3\lr3\x64\debug\lr3.tlog\cl.read.1.tlog
e:\magistracy\1 semester\image-processing\lr3\lr3\x64\debug\lr3.tlog\cl.write.1.tlog
e:\magistracy\1 semester\image-processing\lr3\lr3\x64\debug\lr3.tlog\link-cvtres.read.1.tlog
e:\magistracy\1 semester\image-processing\lr3\lr3\x64\debug\lr3.tlog\link-cvtres.write.1.tlog
e:\magistracy\1 semester\image-processing\lr3\lr3\x64\debug\lr3.tlog\link-rc.read.1.tlog
e:\magistracy\1 semester\image-processing\lr3\lr3\x64\debug\lr3.tlog\link-rc.write.1.tlog
e:\magistracy\1 semester\image-processing\lr3\lr3\x64\debug\lr3.tlog\link.2820-cvtres.read.1.tlog
e:\magistracy\1 semester\image-processing\lr3\lr3\x64\debug\lr3.tlog\link.2820-cvtres.write.1.tlog
e:\magistracy\1 semester\image-processing\lr3\lr3\x64\debug\lr3.tlog\link.2820-rc.read.1.tlog
e:\magistracy\1 semester\image-processing\lr3\lr3\x64\debug\lr3.tlog\link.2820-rc.write.1.tlog
e:\magistracy\1 semester\image-processing\lr3\lr3\x64\debug\lr3.tlog\link.2820.read.1.tlog
e:\magistracy\1 semester\image-processing\lr3\lr3\x64\debug\lr3.tlog\link.2820.write.1.tlog
e:\magistracy\1 semester\image-processing\lr3\lr3\x64\debug\lr3.tlog\link.command.1.tlog
e:\magistracy\1 semester\image-processing\lr3\lr3\x64\debug\lr3.tlog\link.read.1.tlog
e:\magistracy\1 semester\image-processing\lr3\lr3\x64\debug\lr3.tlog\link.write.1.tlog
